<?xml version="1.0" encoding="UTF-8"?>
<testsuite name="ShowDetailPage"
           tests="28"
           failures="1"
           errors="0"
           skipped="27"
           time="0.017">
  <properties />
            <testcase name="setUp" time="0.000" classname="Tests.ShowDetailsTests">
                <failure type="org.openqa.selenium.SessionNotCreatedException"
                  message="A new session could not be created. (Original error: Requested a new session but one was in progress) (WARNING: The server did not provide any stacktrace information)
Command duration or timeout: 10 milliseconds
Build info: version: &apos;2.43.1&apos;, revision: &apos;5163bce&apos;, time: &apos;2014-09-10 16:27:33&apos;
System info: host: &apos;vdc01dlap0301&apos;, ip: &apos;192.168.20.43&apos;, os.name: &apos;Windows 7&apos;, os.arch: &apos;amd64&apos;, os.version: &apos;6.1&apos;, java.version: &apos;1.8.0_45&apos;
Driver info: io.appium.java_client.android.AndroidDriver"
              >
<![CDATA[org.openqa.selenium.SessionNotCreatedException: A new session could not be created. (Original error: Requested a new session but one was in progress) (WARNING: The server did not provide any stacktrace information)
Command duration or timeout: 10 milliseconds
Build info: version: '2.43.1', revision: '5163bce', time: '2014-09-10 16:27:33'
System info: host: 'vdc01dlap0301', ip: '192.168.20.43', os.name: 'Windows 7', os.arch: 'amd64', os.version: '6.1', java.version: '1.8.0_45'
Driver info: io.appium.java_client.android.AndroidDriver
  sun.reflect.NativeConstructorAccessorImpl.newInstance0(Native Method)
  sun.reflect.NativeConstructorAccessorImpl.newInstance(Unknown Source)
  sun.reflect.DelegatingConstructorAccessorImpl.newInstance(Unknown Source)
  java.lang.reflect.Constructor.newInstance(Unknown Source)
  org.openqa.selenium.remote.ErrorHandler.createThrowable(ErrorHandler.java:204)
  org.openqa.selenium.remote.ErrorHandler.throwIfResponseFailed(ErrorHandler.java:156)
  org.openqa.selenium.remote.RemoteWebDriver.execute(RemoteWebDriver.java:599)
  io.appium.java_client.AppiumDriver.execute(AppiumDriver.java:180)
  org.openqa.selenium.remote.RemoteWebDriver.startSession(RemoteWebDriver.java:240)
  org.openqa.selenium.remote.RemoteWebDriver.<init>(RemoteWebDriver.java:126)
  org.openqa.selenium.remote.RemoteWebDriver.<init>(RemoteWebDriver.java:153)
  io.appium.java_client.AppiumDriver.<init>(AppiumDriver.java:109)
  io.appium.java_client.android.AndroidDriver.<init>(AndroidDriver.java:39)
  Tests.BaseTest.setUp(BaseTest.java:86)
  sun.reflect.NativeMethodAccessorImpl.invoke0(Native Method)
  sun.reflect.NativeMethodAccessorImpl.invoke(Unknown Source)
  sun.reflect.DelegatingMethodAccessorImpl.invoke(Unknown Source)
  java.lang.reflect.Method.invoke(Unknown Source)
  org.testng.internal.MethodInvocationHelper.invokeMethod(MethodInvocationHelper.java:85)
  org.testng.internal.Invoker.invokeConfigurationMethod(Invoker.java:521)
  org.testng.internal.Invoker.invokeConfigurations(Invoker.java:213)
  org.testng.internal.Invoker.invokeMethod(Invoker.java:605)
  org.testng.internal.Invoker.invokeTestMethod(Invoker.java:849)
  org.testng.internal.Invoker.invokeTestMethods(Invoker.java:1157)
  org.testng.internal.TestMethodWorker.invokeTestMethods(TestMethodWorker.java:124)
  org.testng.internal.TestMethodWorker.run(TestMethodWorker.java:108)
  org.testng.TestRunner.privateRun(TestRunner.java:771)
  org.testng.TestRunner.run(TestRunner.java:621)
  org.testng.SuiteRunner.runTest(SuiteRunner.java:357)
  org.testng.SuiteRunner.runSequentially(SuiteRunner.java:352)
  org.testng.SuiteRunner.privateRun(SuiteRunner.java:310)
  org.testng.SuiteRunner.run(SuiteRunner.java:259)
  org.testng.SuiteRunnerWorker.runSuite(SuiteRunnerWorker.java:52)
  org.testng.SuiteRunnerWorker.run(SuiteRunnerWorker.java:86)
  org.testng.TestNG.runSuitesSequentially(TestNG.java:1200)
  org.testng.TestNG.runSuitesLocally(TestNG.java:1125)
  org.testng.TestNG.run(TestNG.java:1033)
  org.testng.remote.RemoteTestNG.run(RemoteTestNG.java:111)
  org.testng.remote.RemoteTestNG.initAndRun(RemoteTestNG.java:204)
  org.testng.remote.RemoteTestNG.main(RemoteTestNG.java:175)
]]>
      </failure>

          </testcase>
  
            <testcase name="setUp" time="0.0" classname="Tests.ShowDetailsTests">
          <skipped />
    </testcase>
            <testcase name="setUp" time="0.0" classname="Tests.ShowDetailsTests">
          <skipped />
    </testcase>
            <testcase name="setUp" time="0.0" classname="Tests.ShowDetailsTests">
          <skipped />
    </testcase>
            <testcase name="setUp" time="0.0" classname="Tests.ShowDetailsTests">
          <skipped />
    </testcase>
            <testcase name="setUp" time="0.0" classname="Tests.ShowDetailsTests">
          <skipped />
    </testcase>
            <testcase name="setUp" time="0.0" classname="Tests.ShowDetailsTests">
          <skipped />
    </testcase>
            <testcase name="setUp" time="0.0" classname="Tests.ShowDetailsTests">
          <skipped />
    </testcase>
            <testcase name="setUp" time="0.0" classname="Tests.ShowDetailsTests">
          <skipped />
    </testcase>
            <testcase name="setUp" time="0.0" classname="Tests.ShowDetailsTests">
          <skipped />
    </testcase>
            <testcase name="setUp" time="0.0" classname="Tests.ShowDetailsTests">
          <skipped />
    </testcase>
            <testcase name="setUp" time="0.0" classname="Tests.ShowDetailsTests">
          <skipped />
    </testcase>
            <testcase name="setUp" time="0.0" classname="Tests.ShowDetailsTests">
          <skipped />
    </testcase>
            <testcase name="setUp" time="0.0" classname="Tests.ShowDetailsTests">
          <skipped />
    </testcase>
            <testcase name="test_TC_VerifyShowImageFadesAndShowNameOnStatusBar" time="0.0" classname="Tests.ShowDetailsTests">
          <skipped />
    </testcase>
            <testcase name="test_TC_VerifyAfterPlayingLastVideoFirstVideoPlays" time="0.0" classname="Tests.ShowDetailsTests">
          <skipped />
    </testcase>
            <testcase name="test_TC_VerifyScrollingToNextVideoFocusOutOfInlinePlayerMode" time="0.0" classname="Tests.ShowDetailsTests">
          <skipped />
    </testcase>
            <testcase name="test_TC_VerifyVideosGetPlayedContinouslyAutomatically" time="0.0" classname="Tests.ShowDetailsTests">
          <skipped />
    </testcase>
            <testcase name="test_TC_VerifyUnSubscribingShow" time="0.0" classname="Tests.ShowDetailsTests">
          <skipped />
    </testcase>
            <testcase name="test_TC_VerifyScrollingToPreviousVideoFocusOutOfInlinePlayerMode" time="0.0" classname="Tests.ShowDetailsTests">
          <skipped />
    </testcase>
            <testcase name="test_TC_VerifyInlinePlayerFocusOutOnTapStatusBar" time="0.0" classname="Tests.ShowDetailsTests">
          <skipped />
    </testcase>
            <testcase name="test_TC_VerifyShowsDescForEachVideo" time="0.0" classname="Tests.ShowDetailsTests">
          <skipped />
    </testcase>
            <testcase name="test_TC_VerifyDurationForEachVideoDisplayed" time="0.0" classname="Tests.ShowDetailsTests">
          <skipped />
    </testcase>
            <testcase name="test_TC_VerifyNavigationToInlinePlayerOnTappingVideoDescription" time="0.0" classname="Tests.ShowDetailsTests">
          <skipped />
    </testcase>
            <testcase name="test_TC_VerifySubscribingShow" time="0.0" classname="Tests.ShowDetailsTests">
          <skipped />
    </testcase>
            <testcase name="test_TC_VerifyShowDetails" time="0.0" classname="Tests.ShowDetailsTests">
          <skipped />
    </testcase>
            <testcase name="test_TC_VerifyShowsDetailScreenScrollDownAllVideos" time="0.0" classname="Tests.ShowDetailsTests">
          <skipped />
    </testcase>
            <testcase name="test_TC_VerifyShowsDetailScreenScrollUpAllVideos" time="0.0" classname="Tests.ShowDetailsTests">
          <skipped />
    </testcase>
  
  
</testsuite>
