<?xml version="1.0" encoding="UTF-8"?>
<testng-results skipped="1" failed="0" total="1" passed="0">
  <reporter-output>
    <line>
      <![CDATA[<p>Executiong test on Device : Motorola_Moto_G_2nd_gen_real</p>]]>
    </line>
  </reporter-output>
  <suite name="Test Parallel Run" duration-ms="3539" started-at="2017-08-22T11:25:32Z" finished-at="2017-08-22T11:25:36Z">
    <groups>
      <group name="GenricNavigation">
        <method signature="GenricNavigationTests.test_TC_GenricNavigationGuestUserToLogout()[pri:0, instance:Tests.GenricNavigationTests@4973813a]" name="test_TC_GenricNavigationGuestUserToLogout" class="Tests.GenricNavigationTests"/>
      </group> <!-- GenricNavigation -->
    </groups>
    <test name="Moto_Galaxy_2nd" duration-ms="3539" started-at="2017-08-22T11:25:32Z" finished-at="2017-08-22T11:25:36Z">
      <class name="Tests.GenricNavigationTests">
        <test-method status="FAIL" signature="setUp(java.lang.String, java.lang.String)[pri:0, instance:Tests.GenricNavigationTests@4973813a]" name="setUp" is-config="true" duration-ms="0" started-at="2017-08-22T16:55:32Z" finished-at="2017-08-22T16:55:32Z">
          <params>
            <param index="0">
              <value>
                <![CDATA[Motorola_Moto_G_2nd_gen_real]]>
              </value>
            </param>
            <param index="1">
              <value>
                <![CDATA[Motorola_Moto_G_2nd_gen_real]]>
              </value>
            </param>
          </params>
          <exception class="org.openqa.selenium.SessionNotCreatedException">
            <message>
              <![CDATA[Appium version '1.4.1' is not available for 'NATIVE' apps on 'ANDROID'
Build info: version: 'unknown', revision: 'unknown', time: 'unknown'
System info: host: 'a4bc80ad87d3', ip: '172.17.0.5', os.name: 'Linux', os.arch: 'amd64', os.version: '4.8.0-45-generic', java.version: '1.8.0_131'
Driver info: driver.version: unknown
Command duration or timeout: 2.81 seconds
Build info: version: '2.43.1', revision: '5163bce', time: '2014-09-10 16:27:33'
System info: host: 'VDC01DLAP-0233', ip: '192.168.56.1', os.name: 'Windows 7', os.arch: 'amd64', os.version: '6.1', java.version: '1.8.0_45'
Driver info: io.appium.java_client.AppiumDriver]]>
            </message>
            <full-stacktrace>
              <![CDATA[org.openqa.selenium.SessionNotCreatedException: Appium version '1.4.1' is not available for 'NATIVE' apps on 'ANDROID'
Build info: version: 'unknown', revision: 'unknown', time: 'unknown'
System info: host: 'a4bc80ad87d3', ip: '172.17.0.5', os.name: 'Linux', os.arch: 'amd64', os.version: '4.8.0-45-generic', java.version: '1.8.0_131'
Driver info: driver.version: unknown
Command duration or timeout: 2.81 seconds
Build info: version: '2.43.1', revision: '5163bce', time: '2014-09-10 16:27:33'
System info: host: 'VDC01DLAP-0233', ip: '192.168.56.1', os.name: 'Windows 7', os.arch: 'amd64', os.version: '6.1', java.version: '1.8.0_45'
Driver info: io.appium.java_client.AppiumDriver
	at sun.reflect.NativeConstructorAccessorImpl.newInstance0(Native Method)
	at sun.reflect.NativeConstructorAccessorImpl.newInstance(Unknown Source)
	at sun.reflect.DelegatingConstructorAccessorImpl.newInstance(Unknown Source)
	at java.lang.reflect.Constructor.newInstance(Unknown Source)
	at org.openqa.selenium.remote.ErrorHandler.createThrowable(ErrorHandler.java:204)
	at org.openqa.selenium.remote.ErrorHandler.throwIfResponseFailed(ErrorHandler.java:156)
	at org.openqa.selenium.remote.RemoteWebDriver.execute(RemoteWebDriver.java:599)
	at io.appium.java_client.AppiumDriver.execute(AppiumDriver.java:88)
	at org.openqa.selenium.remote.RemoteWebDriver.startSession(RemoteWebDriver.java:240)
	at org.openqa.selenium.remote.RemoteWebDriver.<init>(RemoteWebDriver.java:126)
	at org.openqa.selenium.remote.RemoteWebDriver.<init>(RemoteWebDriver.java:153)
	at io.appium.java_client.AppiumDriver.<init>(AppiumDriver.java:44)
	at Tests.BaseTest.setUp(BaseTest.java:115)
	at sun.reflect.NativeMethodAccessorImpl.invoke0(Native Method)
	at sun.reflect.NativeMethodAccessorImpl.invoke(Unknown Source)
	at sun.reflect.DelegatingMethodAccessorImpl.invoke(Unknown Source)
	at java.lang.reflect.Method.invoke(Unknown Source)
	at org.testng.internal.MethodInvocationHelper.invokeMethod(MethodInvocationHelper.java:84)
	at org.testng.internal.Invoker.invokeConfigurationMethod(Invoker.java:564)
	at org.testng.internal.Invoker.invokeConfigurations(Invoker.java:213)
	at org.testng.internal.Invoker.invokeConfigurations(Invoker.java:138)
	at org.testng.internal.TestMethodWorker.invokeBeforeClassMethods(TestMethodWorker.java:175)
	at org.testng.internal.TestMethodWorker.run(TestMethodWorker.java:107)
	at java.util.concurrent.ThreadPoolExecutor.runWorker(Unknown Source)
	at java.util.concurrent.ThreadPoolExecutor$Worker.run(Unknown Source)
	at java.lang.Thread.run(Unknown Source)
Caused by: org.openqa.selenium.SessionNotCreatedException: Appium version '1.4.1' is not available for 'NATIVE' apps on 'ANDROID'
Build info: version: 'unknown', revision: 'unknown', time: 'unknown'
System info: host: 'a4bc80ad87d3', ip: '172.17.0.5', os.name: 'Linux', os.arch: 'amd64', os.version: '4.8.0-45-generic', java.version: '1.8.0_131'
Driver info: driver.version: unknown
Build info: version: '2.43.1', revision: '5163bce', time: '2014-09-10 16:27:33'
System info: host: 'VDC01DLAP-0233', ip: '192.168.56.1', os.name: 'Windows 7', os.arch: 'amd64', os.version: '6.1', java.version: '1.8.0_45'
Driver info: driver.version: unknown
]]>
            </full-stacktrace>
          </exception> <!-- org.openqa.selenium.SessionNotCreatedException -->
          <reporter-output>
            <line>
              <![CDATA[<p>Executiong test on Device : Motorola_Moto_G_2nd_gen_real</p>]]>
            </line>
          </reporter-output>
        </test-method> <!-- setUp -->
        <test-method status="SKIP" signature="test_TC_GenricNavigationGuestUserToLogout()[pri:0, instance:Tests.GenricNavigationTests@4973813a]" name="test_TC_GenricNavigationGuestUserToLogout" duration-ms="3" started-at="2017-08-22T16:55:36Z" finished-at="2017-08-22T16:55:36Z">
          <reporter-output>
          </reporter-output>
        </test-method> <!-- test_TC_GenricNavigationGuestUserToLogout -->
      </class> <!-- Tests.GenricNavigationTests -->
    </test> <!-- Moto_Galaxy_2nd -->
  </suite> <!-- Test Parallel Run -->
</testng-results>
