<?xml version="1.0" encoding="UTF-8"?>
<testsuite name="Moto_Galaxy_2nd"
           tests="2"
           failures="1"
           errors="0"
           skipped="1"
           time="0.003">
  <properties />
            <testcase name="setUp" time="0.000" classname="Tests.GenricNavigationTests">
                <failure type="org.openqa.selenium.SessionNotCreatedException"
                  message="Appium version &apos;1.4.1&apos; is not available for &apos;NATIVE&apos; apps on &apos;ANDROID&apos;
Build info: version: &apos;unknown&apos;, revision: &apos;unknown&apos;, time: &apos;unknown&apos;
System info: host: &apos;a4bc80ad87d3&apos;, ip: &apos;172.17.0.5&apos;, os.name: &apos;Linux&apos;, os.arch: &apos;amd64&apos;, os.version: &apos;4.8.0-45-generic&apos;, java.version: &apos;1.8.0_131&apos;
Driver info: driver.version: unknown
Command duration or timeout: 2.81 seconds
Build info: version: &apos;2.43.1&apos;, revision: &apos;5163bce&apos;, time: &apos;2014-09-10 16:27:33&apos;
System info: host: &apos;VDC01DLAP-0233&apos;, ip: &apos;192.168.56.1&apos;, os.name: &apos;Windows 7&apos;, os.arch: &apos;amd64&apos;, os.version: &apos;6.1&apos;, java.version: &apos;1.8.0_45&apos;
Driver info: io.appium.java_client.AppiumDriver"
              >
<![CDATA[org.openqa.selenium.SessionNotCreatedException: Appium version '1.4.1' is not available for 'NATIVE' apps on 'ANDROID'
Build info: version: 'unknown', revision: 'unknown', time: 'unknown'
System info: host: 'a4bc80ad87d3', ip: '172.17.0.5', os.name: 'Linux', os.arch: 'amd64', os.version: '4.8.0-45-generic', java.version: '1.8.0_131'
Driver info: driver.version: unknown
Command duration or timeout: 2.81 seconds
Build info: version: '2.43.1', revision: '5163bce', time: '2014-09-10 16:27:33'
System info: host: 'VDC01DLAP-0233', ip: '192.168.56.1', os.name: 'Windows 7', os.arch: 'amd64', os.version: '6.1', java.version: '1.8.0_45'
Driver info: io.appium.java_client.AppiumDriver
  sun.reflect.NativeConstructorAccessorImpl.newInstance0(Native Method)
  sun.reflect.NativeConstructorAccessorImpl.newInstance(Unknown Source)
  sun.reflect.DelegatingConstructorAccessorImpl.newInstance(Unknown Source)
  java.lang.reflect.Constructor.newInstance(Unknown Source)
  org.openqa.selenium.remote.ErrorHandler.createThrowable(ErrorHandler.java:204)
  org.openqa.selenium.remote.ErrorHandler.throwIfResponseFailed(ErrorHandler.java:156)
  org.openqa.selenium.remote.RemoteWebDriver.execute(RemoteWebDriver.java:599)
  io.appium.java_client.AppiumDriver.execute(AppiumDriver.java:88)
  org.openqa.selenium.remote.RemoteWebDriver.startSession(RemoteWebDriver.java:240)
  org.openqa.selenium.remote.RemoteWebDriver.<init>(RemoteWebDriver.java:126)
  org.openqa.selenium.remote.RemoteWebDriver.<init>(RemoteWebDriver.java:153)
  io.appium.java_client.AppiumDriver.<init>(AppiumDriver.java:44)
  Tests.BaseTest.setUp(BaseTest.java:115)
  sun.reflect.NativeMethodAccessorImpl.invoke0(Native Method)
  sun.reflect.NativeMethodAccessorImpl.invoke(Unknown Source)
  sun.reflect.DelegatingMethodAccessorImpl.invoke(Unknown Source)
  java.lang.reflect.Method.invoke(Unknown Source)
  org.testng.internal.MethodInvocationHelper.invokeMethod(MethodInvocationHelper.java:84)
  org.testng.internal.Invoker.invokeConfigurationMethod(Invoker.java:564)
  org.testng.internal.Invoker.invokeConfigurations(Invoker.java:213)
  org.testng.internal.Invoker.invokeConfigurations(Invoker.java:138)
  org.testng.internal.TestMethodWorker.invokeBeforeClassMethods(TestMethodWorker.java:175)
  org.testng.internal.TestMethodWorker.run(TestMethodWorker.java:107)
  java.util.concurrent.ThreadPoolExecutor.runWorker(Unknown Source)
  java.util.concurrent.ThreadPoolExecutor$Worker.run(Unknown Source)
  java.lang.Thread.run(Unknown Source)
Caused by: org.openqa.selenium.SessionNotCreatedException: Appium version '1.4.1' is not available for 'NATIVE' apps on 'ANDROID'
Build info: version: 'unknown', revision: 'unknown', time: 'unknown'
System info: host: 'a4bc80ad87d3', ip: '172.17.0.5', os.name: 'Linux', os.arch: 'amd64', os.version: '4.8.0-45-generic', java.version: '1.8.0_131'
Driver info: driver.version: unknown
Build info: version: '2.43.1', revision: '5163bce', time: '2014-09-10 16:27:33'
System info: host: 'VDC01DLAP-0233', ip: '192.168.56.1', os.name: 'Windows 7', os.arch: 'amd64', os.version: '6.1', java.version: '1.8.0_45'
Driver info: driver.version: unknown
]]>
      </failure>

          </testcase>
  
            <testcase name="test_TC_GenricNavigationGuestUserToLogout" time="0.0" classname="Tests.GenricNavigationTests">
          <skipped />
    </testcase>
  
  
</testsuite>
