<?xml version="1.0" encoding="UTF-8"?>
<!-- Generated by org.testng.reporters.JUnitXMLReporter -->
<testsuite hostname="vdc01dlap0301" name="PlaylistDetailPage" tests="17" failures="1" timestamp="3 Jun 2016 12:06:06 GMT" time="1141.624" errors="0">
  <testcase name="test_TC_VerifyPlaylistNavigatePlaylistDetailScreen" time="40.453" classname="Tests.PlaylistDetailsTests"/>
  <testcase name="test_TC_VerifyPlaylistScreenNameLogoAndFollow" time="41.425" classname="Tests.PlaylistDetailsTests"/>
  <testcase name="test_TC_VerifyPlaylistScreenVideoThumbnailAndDescription" time="42.804" classname="Tests.PlaylistDetailsTests"/>
  <testcase name="test_TC_VerifyPlaylistScreenScrollDownAllVideos" time="48.402" classname="Tests.PlaylistDetailsTests"/>
  <testcase name="test_TC_VerifyPlaylistScreenScrollUpAllVideos" time="74.379" classname="Tests.PlaylistDetailsTests"/>
  <testcase name="test_TC_VerifyPlaylistScreenPlayVideoInline" time="43.206" classname="Tests.PlaylistDetailsTests"/>
  <testcase name="test_TC_VerifyPlaylistScreenScrollDownToDefaultMode" time="48.457" classname="Tests.PlaylistDetailsTests"/>
  <testcase name="test_TC_VerifyPlaylistScreenScrollUpToDefaultMode" time="49.216" classname="Tests.PlaylistDetailsTests"/>
  <testcase name="test_TC_VerifyPlaylistScreenFocusOutOnTapStatusBar" time="43.458" classname="Tests.PlaylistDetailsTests"/>
  <testcase name="test_TC_VerifyPlaylistScreenAutoPlayVideos" time="75.95" classname="Tests.PlaylistDetailsTests"/>
  <testcase name="test_TC_VerifyPlaylistScreenSubscribeShow" time="98.028" classname="Tests.PlaylistDetailsTests">
    <failure type="org.openqa.selenium.NoSuchElementException" message="An element could not be located on the page using the given search parameters. (WARNING: The server did not provide any stacktrace information)
Command duration or timeout: 65.12 seconds
For documentation on this error, please visit: http://seleniumhq.org/exceptions/no_such_element.html
Build info: version: &amp;apos;2.53.0&amp;apos;, revision: &amp;apos;35ae25b1534ae328c771e0856c93e187490ca824&amp;apos;, time: &amp;apos;2016-03-15 10:43:46&amp;apos;
System info: host: &amp;apos;vdc01dlap0301&amp;apos;, ip: &amp;apos;192.168.20.43&amp;apos;, os.name: &amp;apos;Windows 7&amp;apos;, os.arch: &amp;apos;amd64&amp;apos;, os.version: &amp;apos;6.1&amp;apos;, java.version: &amp;apos;1.8.0_45&amp;apos;
Driver info: io.appium.java_client.android.AndroidDriver
Capabilities [{app=D:\android_file\app-debug.apk, appPackage=com.comcast.watchablephone, networkConnectionEnabled=true, warnings={}, appWaitActivity=.activity.Splash, databaseEnabled=false, deviceName=03157df34047d60d, platform=LINUX, appActivity=.activity.Splash, desired={app=D:\android_file\app-debug.apk, appPackage=com.comcast.watchablephone, appActivity=.activity.Splash, platformVersion=5.0, appWaitActivity=.activity.Splash, platformName=Android, deviceName=03157df34047d60d}, platformVersion=6.0.1, webStorageEnabled=false, locationContextEnabled=false, browserName=Android, takesScreenshot=true, javascriptEnabled=true, platformName=Android}]
Session ID: 5c8b9c07-0248-4f54-9ab6-a594c3db5665
*** Element info: {Using=id, value=com.comcast.watchablephone:id/TextView_showTitle}">
      <![CDATA[org.openqa.selenium.NoSuchElementException: An element could not be located on the page using the given search parameters. (WARNING: The server did not provide any stacktrace information)
Command duration or timeout: 65.12 seconds
For documentation on this error, please visit: http://seleniumhq.org/exceptions/no_such_element.html
Build info: version: '2.53.0', revision: '35ae25b1534ae328c771e0856c93e187490ca824', time: '2016-03-15 10:43:46'
System info: host: 'vdc01dlap0301', ip: '192.168.20.43', os.name: 'Windows 7', os.arch: 'amd64', os.version: '6.1', java.version: '1.8.0_45'
Driver info: io.appium.java_client.android.AndroidDriver
Capabilities [{app=D:\android_file\app-debug.apk, appPackage=com.comcast.watchablephone, networkConnectionEnabled=true, warnings={}, appWaitActivity=.activity.Splash, databaseEnabled=false, deviceName=03157df34047d60d, platform=LINUX, appActivity=.activity.Splash, desired={app=D:\android_file\app-debug.apk, appPackage=com.comcast.watchablephone, appActivity=.activity.Splash, platformVersion=5.0, appWaitActivity=.activity.Splash, platformName=Android, deviceName=03157df34047d60d}, platformVersion=6.0.1, webStorageEnabled=false, locationContextEnabled=false, browserName=Android, takesScreenshot=true, javascriptEnabled=true, platformName=Android}]
Session ID: 5c8b9c07-0248-4f54-9ab6-a594c3db5665
*** Element info: {Using=id, value=com.comcast.watchablephone:id/TextView_showTitle}
	at sun.reflect.NativeConstructorAccessorImpl.newInstance0(Native Method)
	at sun.reflect.NativeConstructorAccessorImpl.newInstance(Unknown Source)
	at sun.reflect.DelegatingConstructorAccessorImpl.newInstance(Unknown Source)
	at java.lang.reflect.Constructor.newInstance(Unknown Source)
	at org.openqa.selenium.remote.ErrorHandler.createThrowable(ErrorHandler.java:206)
	at org.openqa.selenium.remote.ErrorHandler.throwIfResponseFailed(ErrorHandler.java:158)
	at org.openqa.selenium.remote.RemoteWebDriver.execute(RemoteWebDriver.java:678)
	at io.appium.java_client.AppiumDriver.execute(AppiumDriver.java:180)
	at org.openqa.selenium.remote.RemoteWebDriver.findElement(RemoteWebDriver.java:363)
	at org.openqa.selenium.remote.RemoteWebDriver.findElementById(RemoteWebDriver.java:413)
	at org.openqa.selenium.By$ById.findElement(By.java:218)
	at org.openqa.selenium.remote.RemoteWebDriver.findElement(RemoteWebDriver.java:355)
	at Pages.PlaylistPage.playlistNameClick(PlaylistPage.java:104)
	at Tests.PlaylistDetailsTests.loginNavigatePlaylistDetails(PlaylistDetailsTests.java:31)
	at Tests.PlaylistDetailsTests.test_TC_VerifyPlaylistScreenSubscribeShow(PlaylistDetailsTests.java:206)
	at sun.reflect.NativeMethodAccessorImpl.invoke0(Native Method)
	at sun.reflect.NativeMethodAccessorImpl.invoke(Unknown Source)
	at sun.reflect.DelegatingMethodAccessorImpl.invoke(Unknown Source)
	at java.lang.reflect.Method.invoke(Unknown Source)
	at org.testng.internal.MethodInvocationHelper.invokeMethod(MethodInvocationHelper.java:85)
	at org.testng.internal.Invoker.invokeMethod(Invoker.java:639)
	at org.testng.internal.Invoker.invokeTestMethod(Invoker.java:821)
	at org.testng.internal.Invoker.invokeTestMethods(Invoker.java:1131)
	at org.testng.internal.TestMethodWorker.invokeTestMethods(TestMethodWorker.java:125)
	at org.testng.internal.TestMethodWorker.run(TestMethodWorker.java:108)
	at org.testng.TestRunner.privateRun(TestRunner.java:773)
	at org.testng.TestRunner.run(TestRunner.java:623)
	at org.testng.SuiteRunner.runTest(SuiteRunner.java:357)
	at org.testng.SuiteRunner.runSequentially(SuiteRunner.java:352)
	at org.testng.SuiteRunner.privateRun(SuiteRunner.java:310)
	at org.testng.SuiteRunner.run(SuiteRunner.java:259)
	at org.testng.SuiteRunnerWorker.runSuite(SuiteRunnerWorker.java:52)
	at org.testng.SuiteRunnerWorker.run(SuiteRunnerWorker.java:86)
	at org.testng.TestNG.runSuitesSequentially(TestNG.java:1185)
	at org.testng.TestNG.runSuitesLocally(TestNG.java:1110)
	at org.testng.TestNG.run(TestNG.java:1018)
	at org.apache.maven.surefire.testng.TestNGExecutor.run(TestNGExecutor.java:281)
	at org.apache.maven.surefire.testng.TestNGXmlTestSuite.execute(TestNGXmlTestSuite.java:75)
	at org.apache.maven.surefire.testng.TestNGProvider.invoke(TestNGProvider.java:121)
	at org.apache.maven.surefire.booter.ForkedBooter.invokeProviderInSameClassLoader(ForkedBooter.java:290)
	at org.apache.maven.surefire.booter.ForkedBooter.runSuitesInProcess(ForkedBooter.java:242)
	at org.apache.maven.surefire.booter.ForkedBooter.main(ForkedBooter.java:121)
]]>
    </failure>
  </testcase> <!-- test_TC_VerifyPlaylistScreenSubscribeShow -->
  <testcase name="test_TC_VerifyPlaylistScreenUnsubscribeShow" time="43.558" classname="Tests.PlaylistDetailsTests"/>
  <testcase name="test_TC_VerifyPlaylistScreenBack" time="41.17" classname="Tests.PlaylistDetailsTests"/>
  <testcase name="test_TC_VerifyPlaylistScreenShare" time="57.036" classname="Tests.PlaylistDetailsTests"/>
  <testcase name="test_TC_VerifyNavigationToShowDetail" time="43.205" classname="Tests.PlaylistDetailsTests"/>
  <testcase name="test_TC_VerifyNavigationToInlinePlayerOnTappingVideoDescription" time="46.484" classname="Tests.PlaylistDetailsTests"/>
  <testcase name="test_TC_VerifyDurationForEachVideoDisplayed" time="41.288" classname="Tests.PlaylistDetailsTests"/>
</testsuite> <!-- PlaylistDetailPage -->
