<?xml version="1.0" encoding="UTF-8"?>
<!-- Generated by org.testng.reporters.JUnitReportReporter -->
<testsuite hostname="VDC01DLAP-0233" name="Tests.GenricNavigationTests" tests="1" failures="1" timestamp="22 Aug 2017 11:25:36 GMT" time="0.003" errors="0">
  <testcase name="test_TC_GenricNavigationGuestUserToLogout" time="0.003" classname="Tests.GenricNavigationTests">
    <failure type="org.openqa.selenium.SessionNotCreatedException" message="Appium version &#039;1.4.1&#039; is not available for &#039;NATIVE&#039; apps on &#039;ANDROID&#039;
Build info: version: &#039;unknown&#039;, revision: &#039;unknown&#039;, time: &#039;unknown&#039;
System info: host: &#039;a4bc80ad87d3&#039;, ip: &#039;172.17.0.5&#039;, os.name: &#039;Linux&#039;, os.arch: &#039;amd64&#039;, os.version: &#039;4.8.0-45-generic&#039;, java.version: &#039;1.8.0_131&#039;
Driver info: driver.version: unknown
Command duration or timeout: 2.81 seconds
Build info: version: &#039;2.43.1&#039;, revision: &#039;5163bce&#039;, time: &#039;2014-09-10 16:27:33&#039;
System info: host: &#039;VDC01DLAP-0233&#039;, ip: &#039;192.168.56.1&#039;, os.name: &#039;Windows 7&#039;, os.arch: &#039;amd64&#039;, os.version: &#039;6.1&#039;, java.version: &#039;1.8.0_45&#039;
Driver info: io.appium.java_client.AppiumDriver">
      <![CDATA[org.openqa.selenium.SessionNotCreatedException: Appium version '1.4.1' is not available for 'NATIVE' apps on 'ANDROID'
Build info: version: 'unknown', revision: 'unknown', time: 'unknown'
System info: host: 'a4bc80ad87d3', ip: '172.17.0.5', os.name: 'Linux', os.arch: 'amd64', os.version: '4.8.0-45-generic', java.version: '1.8.0_131'
Driver info: driver.version: unknown
Command duration or timeout: 2.81 seconds
Build info: version: '2.43.1', revision: '5163bce', time: '2014-09-10 16:27:33'
System info: host: 'VDC01DLAP-0233', ip: '192.168.56.1', os.name: 'Windows 7', os.arch: 'amd64', os.version: '6.1', java.version: '1.8.0_45'
Driver info: io.appium.java_client.AppiumDriver
	at sun.reflect.NativeConstructorAccessorImpl.newInstance0(Native Method)
	at sun.reflect.NativeConstructorAccessorImpl.newInstance(Unknown Source)
	at sun.reflect.DelegatingConstructorAccessorImpl.newInstance(Unknown Source)
	at java.lang.reflect.Constructor.newInstance(Unknown Source)
	at org.openqa.selenium.remote.ErrorHandler.createThrowable(ErrorHandler.java:204)
	at org.openqa.selenium.remote.ErrorHandler.throwIfResponseFailed(ErrorHandler.java:156)
	at org.openqa.selenium.remote.RemoteWebDriver.execute(RemoteWebDriver.java:599)
	at io.appium.java_client.AppiumDriver.execute(AppiumDriver.java:88)
	at org.openqa.selenium.remote.RemoteWebDriver.startSession(RemoteWebDriver.java:240)
	at org.openqa.selenium.remote.RemoteWebDriver.<init>(RemoteWebDriver.java:126)
	at org.openqa.selenium.remote.RemoteWebDriver.<init>(RemoteWebDriver.java:153)
	at io.appium.java_client.AppiumDriver.<init>(AppiumDriver.java:44)
	at Tests.BaseTest.setUp(BaseTest.java:115)
	at sun.reflect.NativeMethodAccessorImpl.invoke0(Native Method)
	at sun.reflect.NativeMethodAccessorImpl.invoke(Unknown Source)
	at sun.reflect.DelegatingMethodAccessorImpl.invoke(Unknown Source)
	at java.lang.reflect.Method.invoke(Unknown Source)
	at org.testng.internal.MethodInvocationHelper.invokeMethod(MethodInvocationHelper.java:84)
	at org.testng.internal.Invoker.invokeConfigurationMethod(Invoker.java:564)
	at org.testng.internal.Invoker.invokeConfigurations(Invoker.java:213)
	at org.testng.internal.Invoker.invokeConfigurations(Invoker.java:138)
	at org.testng.internal.TestMethodWorker.invokeBeforeClassMethods(TestMethodWorker.java:175)
	at org.testng.internal.TestMethodWorker.run(TestMethodWorker.java:107)
	at java.util.concurrent.ThreadPoolExecutor.runWorker(Unknown Source)
	at java.util.concurrent.ThreadPoolExecutor$Worker.run(Unknown Source)
	at java.lang.Thread.run(Unknown Source)
Caused by: org.openqa.selenium.SessionNotCreatedException: Appium version '1.4.1' is not available for 'NATIVE' apps on 'ANDROID'
Build info: version: 'unknown', revision: 'unknown', time: 'unknown'
System info: host: 'a4bc80ad87d3', ip: '172.17.0.5', os.name: 'Linux', os.arch: 'amd64', os.version: '4.8.0-45-generic', java.version: '1.8.0_131'
Driver info: driver.version: unknown
Build info: version: '2.43.1', revision: '5163bce', time: '2014-09-10 16:27:33'
System info: host: 'VDC01DLAP-0233', ip: '192.168.56.1', os.name: 'Windows 7', os.arch: 'amd64', os.version: '6.1', java.version: '1.8.0_45'
Driver info: driver.version: unknown
]]>
    </failure>
  </testcase> <!-- test_TC_GenricNavigationGuestUserToLogout -->
</testsuite> <!-- Tests.GenricNavigationTests -->
