<?xml version="1.0" encoding="UTF-8"?>
<!-- Generated by org.testng.reporters.JUnitXMLReporter -->
<testsuite hostname="vdc01dllap0284" name="Default test" tests="11" failures="0" timestamp="5 Jun 2017 10:29:59 GMT" time="13.49" errors="0">
  <testcase name="@BeforeTest setUp" time="0.0" classname="comcast.test.signup.VerifySignUpFormContents">
    <failure type="org.openqa.selenium.WebDriverException" message="unknown error: cannot get automation extension
from unknown error: page could not be found: chrome-extension://aapnijgdinlhnhlmodcfapnahmbfebeb/_generated_background_page.html
  (Session info: chrome=58.0.3029.110)
  (Driver info: chromedriver=2.25.426923 (0390b88869384d6eb0d5d09729679f934aab9eed),platform=Windows NT 6.1.7601 SP1 x86_64) (WARNING: The server did not provide any stacktrace information)
Command duration or timeout: 10.12 seconds
Build info: version: &amp;apos;2.44.0&amp;apos;, revision: &amp;apos;76d78cf&amp;apos;, time: &amp;apos;2014-10-23 20:02:37&amp;apos;
System info: host: &amp;apos;vdc01dllap0284&amp;apos;, ip: &amp;apos;192.168.20.240&amp;apos;, os.name: &amp;apos;Windows 7&amp;apos;, os.arch: &amp;apos;amd64&amp;apos;, os.version: &amp;apos;6.1&amp;apos;, java.version: &amp;apos;1.8.0_45&amp;apos;
Driver info: org.openqa.selenium.chrome.ChromeDriver
Capabilities [{applicationCacheEnabled=false, rotatable=false, mobileEmulationEnabled=false, networkConnectionEnabled=false, chrome={chromedriverVersion=2.25.426923 (0390b88869384d6eb0d5d09729679f934aab9eed), userDataDir=C:\Users\RAVIND~1.PAR\AppData\Local\Temp\scoped_dir9836_31974}, takesHeapSnapshot=true, pageLoadStrategy=normal, databaseEnabled=false, handlesAlerts=true, hasTouchScreen=false, version=58.0.3029.110, platform=XP, browserConnectionEnabled=false, nativeEvents=true, acceptSslCerts=true, locationContextEnabled=true, webStorageEnabled=true, browserName=chrome, takesScreenshot=true, javascriptEnabled=true, cssSelectorsEnabled=true}]
Session ID: ffdf510099510098869665bdee28bc53">
      <![CDATA[org.openqa.selenium.WebDriverException: unknown error: cannot get automation extension
from unknown error: page could not be found: chrome-extension://aapnijgdinlhnhlmodcfapnahmbfebeb/_generated_background_page.html
  (Session info: chrome=58.0.3029.110)
  (Driver info: chromedriver=2.25.426923 (0390b88869384d6eb0d5d09729679f934aab9eed),platform=Windows NT 6.1.7601 SP1 x86_64) (WARNING: The server did not provide any stacktrace information)
Command duration or timeout: 10.12 seconds
Build info: version: '2.44.0', revision: '76d78cf', time: '2014-10-23 20:02:37'
System info: host: 'vdc01dllap0284', ip: '192.168.20.240', os.name: 'Windows 7', os.arch: 'amd64', os.version: '6.1', java.version: '1.8.0_45'
Driver info: org.openqa.selenium.chrome.ChromeDriver
Capabilities [{applicationCacheEnabled=false, rotatable=false, mobileEmulationEnabled=false, networkConnectionEnabled=false, chrome={chromedriverVersion=2.25.426923 (0390b88869384d6eb0d5d09729679f934aab9eed), userDataDir=C:\Users\RAVIND~1.PAR\AppData\Local\Temp\scoped_dir9836_31974}, takesHeapSnapshot=true, pageLoadStrategy=normal, databaseEnabled=false, handlesAlerts=true, hasTouchScreen=false, version=58.0.3029.110, platform=XP, browserConnectionEnabled=false, nativeEvents=true, acceptSslCerts=true, locationContextEnabled=true, webStorageEnabled=true, browserName=chrome, takesScreenshot=true, javascriptEnabled=true, cssSelectorsEnabled=true}]
Session ID: ffdf510099510098869665bdee28bc53
	at sun.reflect.NativeConstructorAccessorImpl.newInstance0(Native Method)
	at sun.reflect.NativeConstructorAccessorImpl.newInstance(Unknown Source)
	at sun.reflect.DelegatingConstructorAccessorImpl.newInstance(Unknown Source)
	at java.lang.reflect.Constructor.newInstance(Unknown Source)
	at org.openqa.selenium.remote.ErrorHandler.createThrowable(ErrorHandler.java:204)
	at org.openqa.selenium.remote.ErrorHandler.throwIfResponseFailed(ErrorHandler.java:156)
	at org.openqa.selenium.remote.RemoteWebDriver.execute(RemoteWebDriver.java:599)
	at org.openqa.selenium.remote.RemoteWebDriver$RemoteWebDriverOptions$RemoteWindow.maximize(RemoteWebDriver.java:829)
	at comcast.config.BaseTest.setUp(BaseTest.java:90)
	at sun.reflect.NativeMethodAccessorImpl.invoke0(Native Method)
	at sun.reflect.NativeMethodAccessorImpl.invoke(Unknown Source)
	at sun.reflect.DelegatingMethodAccessorImpl.invoke(Unknown Source)
	at java.lang.reflect.Method.invoke(Unknown Source)
	at org.testng.internal.MethodInvocationHelper.invokeMethod(MethodInvocationHelper.java:86)
	at org.testng.internal.Invoker.invokeConfigurationMethod(Invoker.java:515)
	at org.testng.internal.Invoker.invokeConfigurations(Invoker.java:216)
	at org.testng.internal.Invoker.invokeConfigurations(Invoker.java:143)
	at org.testng.TestRunner.beforeRun(TestRunner.java:656)
	at org.testng.TestRunner.run(TestRunner.java:624)
	at org.testng.SuiteRunner.runTest(SuiteRunner.java:366)
	at org.testng.SuiteRunner.runSequentially(SuiteRunner.java:361)
	at org.testng.SuiteRunner.privateRun(SuiteRunner.java:319)
	at org.testng.SuiteRunner.run(SuiteRunner.java:268)
	at org.testng.SuiteRunnerWorker.runSuite(SuiteRunnerWorker.java:52)
	at org.testng.SuiteRunnerWorker.run(SuiteRunnerWorker.java:86)
	at org.testng.TestNG.runSuitesSequentially(TestNG.java:1225)
	at org.testng.TestNG.runSuitesLocally(TestNG.java:1150)
	at org.testng.TestNG.runSuites(TestNG.java:1075)
	at org.testng.TestNG.run(TestNG.java:1047)
	at org.testng.remote.AbstractRemoteTestNG.run(AbstractRemoteTestNG.java:126)
	at org.testng.remote.RemoteTestNG.initAndRun(RemoteTestNG.java:137)
	at org.testng.remote.RemoteTestNG.main(RemoteTestNG.java:58)
]]>
    </failure>
  </testcase> <!-- @BeforeTest setUp -->
  <testcase name="@AfterTest tearDown" time="0.0" classname="comcast.test.signup.VerifySignUpFormContents">
    <skipped/>
  </testcase> <!-- @AfterTest tearDown -->
  <testcase name="Step01_NavigeteToURL" time="0.001" classname="comcast.test.signup.VerifySignUpFormContents">
    <skipped/>
  </testcase> <!-- Step01_NavigeteToURL -->
  <testcase name="Step02_VerfiySignUpButton" time="0.001" classname="comcast.test.signup.VerifySignUpFormContents">
    <skipped/>
  </testcase> <!-- Step02_VerfiySignUpButton -->
  <testcase name="Step03_ClickOnSignUpButton" time="0.001" classname="comcast.test.signup.VerifySignUpFormContents">
    <skipped/>
  </testcase> <!-- Step03_ClickOnSignUpButton -->
  <testcase name="Step04_VerifyHeadingInSignUp" time="0.001" classname="comcast.test.signup.VerifySignUpFormContents">
    <skipped/>
  </testcase> <!-- Step04_VerifyHeadingInSignUp -->
  <testcase name="Step05_VerifyCloseButtonInSignUpForm" time="0.003" classname="comcast.test.signup.VerifySignUpFormContents">
    <skipped/>
  </testcase> <!-- Step05_VerifyCloseButtonInSignUpForm -->
  <testcase name="Step06_VerifyUserNameTextBoxInSignUp" time="0.001" classname="comcast.test.signup.VerifySignUpFormContents">
    <skipped/>
  </testcase> <!-- Step06_VerifyUserNameTextBoxInSignUp -->
  <testcase name="Step07_VerifyEmailTextBoxInSignUp" time="0.0" classname="comcast.test.signup.VerifySignUpFormContents">
    <skipped/>
  </testcase> <!-- Step07_VerifyEmailTextBoxInSignUp -->
  <testcase name="Step08_VerifyPasswordTextBoxInSignUp" time="0.001" classname="comcast.test.signup.VerifySignUpFormContents">
    <skipped/>
  </testcase> <!-- Step08_VerifyPasswordTextBoxInSignUp -->
  <testcase name="Step09_VerifyTermAndConditionCheckBox" time="0.001" classname="comcast.test.signup.VerifySignUpFormContents">
    <skipped/>
  </testcase> <!-- Step09_VerifyTermAndConditionCheckBox -->
  <testcase name="Step10_VerifyRecaptchaSelectOption" time="0.001" classname="comcast.test.signup.VerifySignUpFormContents">
    <skipped/>
  </testcase> <!-- Step10_VerifyRecaptchaSelectOption -->
  <testcase name="Step11_VerifyGetWatchingButton" time="0.001" classname="comcast.test.signup.VerifySignUpFormContents">
    <skipped/>
  </testcase> <!-- Step11_VerifyGetWatchingButton -->
</testsuite> <!-- Default test -->
