<html>
<head>
<title>TestNG:  Default test</title>
<link href="../testng.css" rel="stylesheet" type="text/css" />
<link href="../my-testng.css" rel="stylesheet" type="text/css" />

<style type="text/css">
.log { display: none;} 
.stack-trace { display: none;} 
</style>
<script type="text/javascript">
<!--
function flip(e) {
  current = e.style.display;
  if (current == 'block') {
    e.style.display = 'none';
    return 0;
  }
  else {
    e.style.display = 'block';
    return 1;
  }
}

function toggleBox(szDivId, elem, msg1, msg2)
{
  var res = -1;  if (document.getElementById) {
    res = flip(document.getElementById(szDivId));
  }
  else if (document.all) {
    // this is the way old msie versions work
    res = flip(document.all[szDivId]);
  }
  if(elem) {
    if(res == 0) elem.innerHTML = msg1; else elem.innerHTML = msg2;
  }

}

function toggleAllBoxes() {
  if (document.getElementsByTagName) {
    d = document.getElementsByTagName('div');
    for (i = 0; i < d.length; i++) {
      if (d[i].className == 'log') {
        flip(d[i]);
      }
    }
  }
}

// -->
</script>

</head>
<body>
<h2 align='center'>Default test</h2><table border='1' align="center">
<tr>
<td>Tests passed/Failed/Skipped:</td><td>0/0/11</td>
</tr><tr>
<td>Started on:</td><td>Mon Jun 05 15:59:46 IST 2017</td>
</tr>
<tr><td>Total time:</td><td>13 seconds (13490 ms)</td>
</tr><tr>
<td>Included groups:</td><td></td>
</tr><tr>
<td>Excluded groups:</td><td></td>
</tr>
</table><p/>
<small><i>(Hover the method name to see the test class name)</i></small><p/>
<table width='100%' border='1' class='invocation-failed'>
<tr><td colspan='4' align='center'><b>FAILED CONFIGURATIONS</b></td></tr>
<tr><td><b>Test method</b></td>
<td width="30%"><b>Exception</b></td>
<td width="10%"><b>Time (seconds)</b></td>
<td><b>Instance</b></td>
</tr>
<tr>
<td title='comcast.test.signup.VerifySignUpFormContents.setUp()'><b>setUp</b><br>Test class: comcast.test.signup.VerifySignUpFormContents</td>
<td><div><pre>org.openqa.selenium.WebDriverException: unknown error: cannot get automation extension
from unknown error: page could not be found: chrome-extension://aapnijgdinlhnhlmodcfapnahmbfebeb/_generated_background_page.html
  (Session info: chrome=58.0.3029.110)
  (Driver info: chromedriver=2.25.426923 (0390b88869384d6eb0d5d09729679f934aab9eed),platform=Windows NT 6.1.7601 SP1 x86_64) (WARNING: The server did not provide any stacktrace information)
Command duration or timeout: 10.12 seconds
Build info: version: &apos;2.44.0&apos;, revision: &apos;76d78cf&apos;, time: &apos;2014-10-23 20:02:37&apos;
System info: host: &apos;vdc01dllap0284&apos;, ip: &apos;192.168.20.240&apos;, os.name: &apos;Windows 7&apos;, os.arch: &apos;amd64&apos;, os.version: &apos;6.1&apos;, java.version: &apos;1.8.0_45&apos;
Driver info: org.openqa.selenium.chrome.ChromeDriver
Capabilities [{applicationCacheEnabled=false, rotatable=false, mobileEmulationEnabled=false, networkConnectionEnabled=false, chrome={chromedriverVersion=2.25.426923 (0390b88869384d6eb0d5d09729679f934aab9eed), userDataDir=C:\Users\RAVIND~1.PAR\AppData\Local\Temp\scoped_dir9836_31974}, takesHeapSnapshot=true, pageLoadStrategy=normal, databaseEnabled=false, handlesAlerts=true, hasTouchScreen=false, version=58.0.3029.110, platform=XP, browserConnectionEnabled=false, nativeEvents=true, acceptSslCerts=true, locationContextEnabled=true, webStorageEnabled=true, browserName=chrome, takesScreenshot=true, javascriptEnabled=true, cssSelectorsEnabled=true}]
Session ID: ffdf510099510098869665bdee28bc53
	at sun.reflect.NativeConstructorAccessorImpl.newInstance0(Native Method)
	at sun.reflect.NativeConstructorAccessorImpl.newInstance(Unknown Source)
	at sun.reflect.DelegatingConstructorAccessorImpl.newInstance(Unknown Source)
	at java.lang.reflect.Constructor.newInstance(Unknown Source)
	at org.openqa.selenium.remote.ErrorHandler.createThrowable(ErrorHandler.java:204)
	at org.openqa.selenium.remote.ErrorHandler.throwIfResponseFailed(ErrorHandler.java:156)
	at org.openqa.selenium.remote.RemoteWebDriver.execute(RemoteWebDriver.java:599)
	at org.openqa.selenium.remote.RemoteWebDriver$RemoteWebDriverOptions$RemoteWindow.maximize(RemoteWebDriver.java:829)
	at comcast.config.BaseTest.setUp(BaseTest.java:90)
	at sun.reflect.NativeMethodAccessorImpl.invoke0(Native Method)
	at sun.reflect.NativeMethodAccessorImpl.invoke(Unknown Source)
	at sun.reflect.DelegatingMethodAccessorImpl.invoke(Unknown Source)
	at java.lang.reflect.Method.invoke(Unknown Source)
	at org.testng.internal.MethodInvocationHelper.invokeMethod(MethodInvocationHelper.java:86)
	at org.testng.internal.Invoker.invokeConfigurationMethod(Invoker.java:515)
	at org.testng.internal.Invoker.invokeConfigurations(Invoker.java:216)
	at org.testng.internal.Invoker.invokeConfigurations(Invoker.java:143)
	at org.testng.TestRunner.beforeRun(TestRunner.java:656)
	at org.testng.TestRunner.run(TestRunner.java:624)
	at org.testng.SuiteRunner.runTest(SuiteRunner.java:366)
	at org.testng.SuiteRunner.runSequentially(SuiteRunner.java:361)
	at org.testng.SuiteRunner.privateRun(SuiteRunner.java:319)
	at org.testng.SuiteRunner.run(SuiteRunner.java:268)
	at org.testng.SuiteRunnerWorker.runSuite(SuiteRunnerWorker.java:52)
	at org.testng.SuiteRunnerWorker.run(SuiteRunnerWorker.java:86)
	at org.testng.TestNG.runSuitesSequentially(TestNG.java:1225)
	at org.testng.TestNG.runSuitesLocally(TestNG.java:1150)
	at org.testng.TestNG.runSuites(TestNG.java:1075)
	at org.testng.TestNG.run(TestNG.java:1047)
	at org.testng.remote.AbstractRemoteTestNG.run(AbstractRemoteTestNG.java:126)
	at org.testng.remote.RemoteTestNG.initAndRun(RemoteTestNG.java:137)
	at org.testng.remote.RemoteTestNG.main(RemoteTestNG.java:58)
</pre></div><a href='#' onClick='toggleBox("stack-trace1970982267", this, "Click to show all stack frames", "Click to hide stack frames")'>Click to show all stack frames</a>
<div class='stack-trace' id='stack-trace1970982267'><pre>org.openqa.selenium.WebDriverException: unknown error: cannot get automation extension
from unknown error: page could not be found: chrome-extension://aapnijgdinlhnhlmodcfapnahmbfebeb/_generated_background_page.html
  (Session info: chrome=58.0.3029.110)
  (Driver info: chromedriver=2.25.426923 (0390b88869384d6eb0d5d09729679f934aab9eed),platform=Windows NT 6.1.7601 SP1 x86_64) (WARNING: The server did not provide any stacktrace information)
Command duration or timeout: 10.12 seconds
Build info: version: &apos;2.44.0&apos;, revision: &apos;76d78cf&apos;, time: &apos;2014-10-23 20:02:37&apos;
System info: host: &apos;vdc01dllap0284&apos;, ip: &apos;192.168.20.240&apos;, os.name: &apos;Windows 7&apos;, os.arch: &apos;amd64&apos;, os.version: &apos;6.1&apos;, java.version: &apos;1.8.0_45&apos;
Driver info: org.openqa.selenium.chrome.ChromeDriver
Capabilities [{applicationCacheEnabled=false, rotatable=false, mobileEmulationEnabled=false, networkConnectionEnabled=false, chrome={chromedriverVersion=2.25.426923 (0390b88869384d6eb0d5d09729679f934aab9eed), userDataDir=C:\Users\RAVIND~1.PAR\AppData\Local\Temp\scoped_dir9836_31974}, takesHeapSnapshot=true, pageLoadStrategy=normal, databaseEnabled=false, handlesAlerts=true, hasTouchScreen=false, version=58.0.3029.110, platform=XP, browserConnectionEnabled=false, nativeEvents=true, acceptSslCerts=true, locationContextEnabled=true, webStorageEnabled=true, browserName=chrome, takesScreenshot=true, javascriptEnabled=true, cssSelectorsEnabled=true}]
Session ID: ffdf510099510098869665bdee28bc53
	at sun.reflect.NativeConstructorAccessorImpl.newInstance0(Native Method)
	at sun.reflect.NativeConstructorAccessorImpl.newInstance(Unknown Source)
	at sun.reflect.DelegatingConstructorAccessorImpl.newInstance(Unknown Source)
	at java.lang.reflect.Constructor.newInstance(Unknown Source)
	at org.openqa.selenium.remote.ErrorHandler.createThrowable(ErrorHandler.java:204)
	at org.openqa.selenium.remote.ErrorHandler.throwIfResponseFailed(ErrorHandler.java:156)
	at org.openqa.selenium.remote.RemoteWebDriver.execute(RemoteWebDriver.java:599)
	at org.openqa.selenium.remote.RemoteWebDriver$RemoteWebDriverOptions$RemoteWindow.maximize(RemoteWebDriver.java:829)
	at comcast.config.BaseTest.setUp(BaseTest.java:90)
	at sun.reflect.NativeMethodAccessorImpl.invoke0(Native Method)
	at sun.reflect.NativeMethodAccessorImpl.invoke(Unknown Source)
	at sun.reflect.DelegatingMethodAccessorImpl.invoke(Unknown Source)
	at java.lang.reflect.Method.invoke(Unknown Source)
	at org.testng.internal.MethodInvocationHelper.invokeMethod(MethodInvocationHelper.java:86)
	at org.testng.internal.Invoker.invokeConfigurationMethod(Invoker.java:515)
	at org.testng.internal.Invoker.invokeConfigurations(Invoker.java:216)
	at org.testng.internal.Invoker.invokeConfigurations(Invoker.java:143)
	at org.testng.TestRunner.beforeRun(TestRunner.java:656)
	at org.testng.TestRunner.run(TestRunner.java:624)
	at org.testng.SuiteRunner.runTest(SuiteRunner.java:366)
	at org.testng.SuiteRunner.runSequentially(SuiteRunner.java:361)
	at org.testng.SuiteRunner.privateRun(SuiteRunner.java:319)
	at org.testng.SuiteRunner.run(SuiteRunner.java:268)
	at org.testng.SuiteRunnerWorker.runSuite(SuiteRunnerWorker.java:52)
	at org.testng.SuiteRunnerWorker.run(SuiteRunnerWorker.java:86)
	at org.testng.TestNG.runSuitesSequentially(TestNG.java:1225)
	at org.testng.TestNG.runSuitesLocally(TestNG.java:1150)
	at org.testng.TestNG.runSuites(TestNG.java:1075)
	at org.testng.TestNG.run(TestNG.java:1047)
	at org.testng.remote.AbstractRemoteTestNG.run(AbstractRemoteTestNG.java:126)
	at org.testng.remote.RemoteTestNG.initAndRun(RemoteTestNG.java:137)
	at org.testng.remote.RemoteTestNG.main(RemoteTestNG.java:58)
</pre></div></td>
<td>0</td>
<td>null</td></tr>
</table><p>
<table width='100%' border='1' class='invocation-skipped'>
<tr><td colspan='4' align='center'><b>SKIPPED CONFIGURATIONS</b></td></tr>
<tr><td><b>Test method</b></td>
<td width="30%"><b>Exception</b></td>
<td width="10%"><b>Time (seconds)</b></td>
<td><b>Instance</b></td>
</tr>
<tr>
<td title='comcast.test.signup.VerifySignUpFormContents.tearDown()'><b>tearDown</b><br>Test class: comcast.test.signup.VerifySignUpFormContents</td>
<td></td>
<td>0</td>
<td>null</td></tr>
</table><p>
<table width='100%' border='1' class='invocation-skipped'>
<tr><td colspan='4' align='center'><b>SKIPPED TESTS</b></td></tr>
<tr><td><b>Test method</b></td>
<td width="30%"><b>Exception</b></td>
<td width="10%"><b>Time (seconds)</b></td>
<td><b>Instance</b></td>
</tr>
<tr>
<td title='comcast.test.signup.VerifySignUpFormContents.Step01_NavigeteToURL()'><b>Step01_NavigeteToURL</b><br>Test class: comcast.test.signup.VerifySignUpFormContents<br>Test method: Step 1: Open the browser, Enter the Watchable URL</td>
<td></td>
<td>0</td>
<td>comcast.test.signup.VerifySignUpFormContents@5bcab519</td></tr>
<tr>
<td title='comcast.test.signup.VerifySignUpFormContents.Step02_VerfiySignUpButton()'><b>Step02_VerfiySignUpButton</b><br>Test class: comcast.test.signup.VerifySignUpFormContents<br>Test method: Step 2: Verify SIGN UP button is present in header.</td>
<td></td>
<td>0</td>
<td>comcast.test.signup.VerifySignUpFormContents@5bcab519</td></tr>
<tr>
<td title='comcast.test.signup.VerifySignUpFormContents.Step03_ClickOnSignUpButton()'><b>Step03_ClickOnSignUpButton</b><br>Test class: comcast.test.signup.VerifySignUpFormContents<br>Test method: Step 3: Click on SIGN UP button.</td>
<td></td>
<td>0</td>
<td>comcast.test.signup.VerifySignUpFormContents@5bcab519</td></tr>
<tr>
<td title='comcast.test.signup.VerifySignUpFormContents.Step04_VerifyHeadingInSignUp()'><b>Step04_VerifyHeadingInSignUp</b><br>Test class: comcast.test.signup.VerifySignUpFormContents<br>Test method: Step 4: Verify heading is present in Sign up form.</td>
<td></td>
<td>0</td>
<td>comcast.test.signup.VerifySignUpFormContents@5bcab519</td></tr>
<tr>
<td title='comcast.test.signup.VerifySignUpFormContents.Step05_VerifyCloseButtonInSignUpForm()'><b>Step05_VerifyCloseButtonInSignUpForm</b><br>Test class: comcast.test.signup.VerifySignUpFormContents<br>Test method: Step 5: Verify close(X) button is present in Signup form.</td>
<td></td>
<td>0</td>
<td>comcast.test.signup.VerifySignUpFormContents@5bcab519</td></tr>
<tr>
<td title='comcast.test.signup.VerifySignUpFormContents.Step06_VerifyUserNameTextBoxInSignUp()'><b>Step06_VerifyUserNameTextBoxInSignUp</b><br>Test class: comcast.test.signup.VerifySignUpFormContents<br>Test method: Step 6: Verify user name text box is present in Signup form.</td>
<td></td>
<td>0</td>
<td>comcast.test.signup.VerifySignUpFormContents@5bcab519</td></tr>
<tr>
<td title='comcast.test.signup.VerifySignUpFormContents.Step07_VerifyEmailTextBoxInSignUp()'><b>Step07_VerifyEmailTextBoxInSignUp</b><br>Test class: comcast.test.signup.VerifySignUpFormContents<br>Test method: Step 7: Verify email text box is present in Signup form.</td>
<td></td>
<td>0</td>
<td>comcast.test.signup.VerifySignUpFormContents@5bcab519</td></tr>
<tr>
<td title='comcast.test.signup.VerifySignUpFormContents.Step08_VerifyPasswordTextBoxInSignUp()'><b>Step08_VerifyPasswordTextBoxInSignUp</b><br>Test class: comcast.test.signup.VerifySignUpFormContents<br>Test method: Step 8: Verify password text box is present in Signup form.</td>
<td></td>
<td>0</td>
<td>comcast.test.signup.VerifySignUpFormContents@5bcab519</td></tr>
<tr>
<td title='comcast.test.signup.VerifySignUpFormContents.Step09_VerifyTermAndConditionCheckBox()'><b>Step09_VerifyTermAndConditionCheckBox</b><br>Test class: comcast.test.signup.VerifySignUpFormContents<br>Test method: Step 9: Verify term and condition check box is present in Signup form.</td>
<td></td>
<td>0</td>
<td>comcast.test.signup.VerifySignUpFormContents@5bcab519</td></tr>
<tr>
<td title='comcast.test.signup.VerifySignUpFormContents.Step10_VerifyRecaptchaSelectOption()'><b>Step10_VerifyRecaptchaSelectOption</b><br>Test class: comcast.test.signup.VerifySignUpFormContents<br>Test method: Step 10: Verify recaptcha selection option is present in Signup form.</td>
<td></td>
<td>0</td>
<td>comcast.test.signup.VerifySignUpFormContents@5bcab519</td></tr>
<tr>
<td title='comcast.test.signup.VerifySignUpFormContents.Step11_VerifyGetWatchingButton()'><b>Step11_VerifyGetWatchingButton</b><br>Test class: comcast.test.signup.VerifySignUpFormContents<br>Test method: Step 11: Verify Get Watching! Button is present in Signup form.</td>
<td></td>
<td>0</td>
<td>comcast.test.signup.VerifySignUpFormContents@5bcab519</td></tr>
</table><p>
</body>
</html>