<html>
<head>
<title>TestNG:  Motorola_Moto_X_2nd_gen</title>
<link href="../testng.css" rel="stylesheet" type="text/css" />
<link href="../my-testng.css" rel="stylesheet" type="text/css" />

<style type="text/css">
.log { display: none;} 
.stack-trace { display: none;} 
</style>
<script type="text/javascript">
<!--
function flip(e) {
  current = e.style.display;
  if (current == 'block') {
    e.style.display = 'none';
    return 0;
  }
  else {
    e.style.display = 'block';
    return 1;
  }
}

function toggleBox(szDivId, elem, msg1, msg2)
{
  var res = -1;  if (document.getElementById) {
    res = flip(document.getElementById(szDivId));
  }
  else if (document.all) {
    // this is the way old msie versions work
    res = flip(document.all[szDivId]);
  }
  if(elem) {
    if(res == 0) elem.innerHTML = msg1; else elem.innerHTML = msg2;
  }

}

function toggleAllBoxes() {
  if (document.getElementsByTagName) {
    d = document.getElementsByTagName('div');
    for (i = 0; i < d.length; i++) {
      if (d[i].className == 'log') {
        flip(d[i]);
      }
    }
  }
}

// -->
</script>

</head>
<body>
<h2 align='center'>Motorola_Moto_X_2nd_gen</h2><table border='1' align="center">
<tr>
<td>Tests passed/Failed/Skipped:</td><td>0/1/0</td>
</tr><tr>
<td>Started on:</td><td>Wed Aug 02 15:02:44 IST 2017</td>
</tr>
<tr><td>Total time:</td><td>477 seconds (477526 ms)</td>
</tr><tr>
<td>Included groups:</td><td></td>
</tr><tr>
<td>Excluded groups:</td><td></td>
</tr>
</table><p/>
<small><i>(Hover the method name to see the test class name)</i></small><p/>
<table width='100%' border='1' class='invocation-failed'>
<tr><td colspan='4' align='center'><b>FAILED TESTS</b></td></tr>
<tr><td><b>Test method</b></td>
<td width="30%"><b>Exception</b></td>
<td width="10%"><b>Time (seconds)</b></td>
<td><b>Instance</b></td>
</tr>
<tr>
<td title='Tests.GenricNavigationTests.test_TC_GenricNavigationGuestUserToLogout()'><b>test_TC_GenricNavigationGuestUserToLogout</b><br>Test class: Tests.GenricNavigationTests<br/>
<a href="#Output-2123271956" onClick='toggleBox("Output-2123271956", this, "Show output", "Hide output");'>Show output</a>

<a href="#Output-2123271956" onClick="toggleAllBoxes();">Show all outputs</a>
<div class='log' id="Output-2123271956">
Sign Up Button Exists<br/>
Login Button Exists<br/>
Guest User Link Exists<br/>
Dive Link Exists<br/>
test_TC_Verifyguestuseroverlay Passed<br/>
Dive In Btn is Tappable<br/>
test_TC_Verifyguestuseroverlay Passed<br/>
</div>
</td>
<td><div><pre>org.openqa.selenium.NoSuchElementException: An element could not be located on the page using the given search parameters. (WARNING: The server did not provide any stacktrace information)
Command duration or timeout: 40.60 seconds
For documentation on this error, please visit: http://seleniumhq.org/exceptions/no_such_element.html
Build info: version: &apos;2.43.1&apos;, revision: &apos;5163bce&apos;, time: &apos;2014-09-10 16:27:33&apos;
System info: host: &apos;VDC01DLAP-0233&apos;, ip: &apos;192.168.56.1&apos;, os.name: &apos;Windows 7&apos;, os.arch: &apos;amd64&apos;, os.version: &apos;6.1&apos;, java.version: &apos;1.8.0_45&apos;
Driver info: io.appium.java_client.AppiumDriver
Capabilities [{appPackage=com.comcast.watchablephone, testobject_user_id=comcastqa, testobject_app_id=1, testobject_test_report_url=https://app.testobject.com/#/comcastqa/testobject-watchable-19-27-build/appium/executions/100, testobject_suite_name=Default Appium Suite, testobject_device_session_id=adbb0d4d-fd49-47f5-bf34-822315a87acf, deviceName=TA99302DJZ, platform=LINUX, testobject_test_report_id=100, desired={appPackage=com.comcast.watchablephone, appActivity=com.comcast.watchablephone.activity.Splash, testobject_app_id=1, testobject_test_name=Motorola_Moto_X_2nd_gen_real, testobject_appium_version=1.4.1, testobject_device=Motorola_Moto_X_2nd_gen_real, testobject_suite_name=Default Appium Suite, testobject_api_key=79AF64EBE53B4C8BB93F11E3FE25003B, platformName=Android, deviceName=Motorola_Moto_X_2nd_gen_real}, testobject_appium_version=1.4.1, platformVersion=6.0, webStorageEnabled=false, browserName=Android, takesScreenshot=true, javascriptEnabled=true, platformName=Android, networkConnectionEnabled=true, testobject_test_name=Motorola_Moto_X_2nd_gen_real, warnings={}, testobject_device=Motorola_Moto_X_2nd_gen_real, databaseEnabled=false, testobject_project_id=testobject-watchable-19-27-build, appActivity=com.comcast.watchablephone.activity.Splash, locationContextEnabled=false, testobject_api_key=79AF64EBE53B4C8BB93F11E3FE25003B, testobject_test_live_view_url=https://app.testobject.com/#/comcastqa/testobject-watchable-19-27-build/appium/view/100?dc=EU}]
Session ID: 8cd893ad-b3b7-4696-bf36-9d8dcd88ae08
	at sun.reflect.NativeConstructorAccessorImpl.newInstance0(Native Method)
	at sun.reflect.NativeConstructorAccessorImpl.newInstance(Unknown Source)
	at sun.reflect.DelegatingConstructorAccessorImpl.newInstance(Unknown Source)
	at java.lang.reflect.Constructor.newInstance(Unknown Source)
	at org.openqa.selenium.remote.ErrorHandler.createThrowable(ErrorHandler.java:204)
	at org.openqa.selenium.remote.ErrorHandler.throwIfResponseFailed(ErrorHandler.java:156)
	at org.openqa.selenium.remote.RemoteWebDriver.execute(RemoteWebDriver.java:599)
	at io.appium.java_client.AppiumDriver.execute(AppiumDriver.java:88)
	at org.openqa.selenium.remote.RemoteWebDriver.findElement(RemoteWebDriver.java:352)
	at org.openqa.selenium.remote.RemoteWebDriver.findElementById(RemoteWebDriver.java:393)
	at org.openqa.selenium.By$ById.findElement(By.java:214)
	at org.openqa.selenium.remote.RemoteWebDriver.findElement(RemoteWebDriver.java:344)
	at Pages.PlaylistDetailsPage.playlistShareClick(PlaylistDetailsPage.java:141)
	at Tests.GenricNavigationTests.test_TC_GenricNavigationGuestUserToLogout(GenricNavigationTests.java:781)
	at sun.reflect.NativeMethodAccessorImpl.invoke0(Native Method)
	at sun.reflect.NativeMethodAccessorImpl.invoke(Unknown Source)
	at sun.reflect.DelegatingMethodAccessorImpl.invoke(Unknown Source)
	at java.lang.reflect.Method.invoke(Unknown Source)
	at org.testng.internal.MethodInvocationHelper.invokeMethod(MethodInvocationHelper.java:84)
	at org.testng.internal.Invoker.invokeMethod(Invoker.java:714)
	at org.testng.internal.Invoker.invokeTestMethod(Invoker.java:901)
	at org.testng.internal.Invoker.invokeTestMethods(Invoker.java:1231)
	at org.testng.internal.TestMethodWorker.invokeTestMethods(TestMethodWorker.java:127)
	at org.testng.internal.TestMethodWorker.run(TestMethodWorker.java:111)
	at java.util.concurrent.ThreadPoolExecutor.runWorker(Unknown Source)
	at java.util.concurrent.ThreadPoolExecutor$Worker.run(Unknown Source)
	at java.lang.Thread.run(Unknown Source)
</pre></div><a href='#' onClick='toggleBox("stack-trace2123271956", this, "Click to show all stack frames", "Click to hide stack frames")'>Click to show all stack frames</a>
<div class='stack-trace' id='stack-trace2123271956'><pre>org.openqa.selenium.NoSuchElementException: An element could not be located on the page using the given search parameters. (WARNING: The server did not provide any stacktrace information)
Command duration or timeout: 40.60 seconds
For documentation on this error, please visit: http://seleniumhq.org/exceptions/no_such_element.html
Build info: version: &apos;2.43.1&apos;, revision: &apos;5163bce&apos;, time: &apos;2014-09-10 16:27:33&apos;
System info: host: &apos;VDC01DLAP-0233&apos;, ip: &apos;192.168.56.1&apos;, os.name: &apos;Windows 7&apos;, os.arch: &apos;amd64&apos;, os.version: &apos;6.1&apos;, java.version: &apos;1.8.0_45&apos;
Driver info: io.appium.java_client.AppiumDriver
Capabilities [{appPackage=com.comcast.watchablephone, testobject_user_id=comcastqa, testobject_app_id=1, testobject_test_report_url=https://app.testobject.com/#/comcastqa/testobject-watchable-19-27-build/appium/executions/100, testobject_suite_name=Default Appium Suite, testobject_device_session_id=adbb0d4d-fd49-47f5-bf34-822315a87acf, deviceName=TA99302DJZ, platform=LINUX, testobject_test_report_id=100, desired={appPackage=com.comcast.watchablephone, appActivity=com.comcast.watchablephone.activity.Splash, testobject_app_id=1, testobject_test_name=Motorola_Moto_X_2nd_gen_real, testobject_appium_version=1.4.1, testobject_device=Motorola_Moto_X_2nd_gen_real, testobject_suite_name=Default Appium Suite, testobject_api_key=79AF64EBE53B4C8BB93F11E3FE25003B, platformName=Android, deviceName=Motorola_Moto_X_2nd_gen_real}, testobject_appium_version=1.4.1, platformVersion=6.0, webStorageEnabled=false, browserName=Android, takesScreenshot=true, javascriptEnabled=true, platformName=Android, networkConnectionEnabled=true, testobject_test_name=Motorola_Moto_X_2nd_gen_real, warnings={}, testobject_device=Motorola_Moto_X_2nd_gen_real, databaseEnabled=false, testobject_project_id=testobject-watchable-19-27-build, appActivity=com.comcast.watchablephone.activity.Splash, locationContextEnabled=false, testobject_api_key=79AF64EBE53B4C8BB93F11E3FE25003B, testobject_test_live_view_url=https://app.testobject.com/#/comcastqa/testobject-watchable-19-27-build/appium/view/100?dc=EU}]
Session ID: 8cd893ad-b3b7-4696-bf36-9d8dcd88ae08
	at sun.reflect.NativeConstructorAccessorImpl.newInstance0(Native Method)
	at sun.reflect.NativeConstructorAccessorImpl.newInstance(Unknown Source)
	at sun.reflect.DelegatingConstructorAccessorImpl.newInstance(Unknown Source)
	at java.lang.reflect.Constructor.newInstance(Unknown Source)
	at org.openqa.selenium.remote.ErrorHandler.createThrowable(ErrorHandler.java:204)
	at org.openqa.selenium.remote.ErrorHandler.throwIfResponseFailed(ErrorHandler.java:156)
	at org.openqa.selenium.remote.RemoteWebDriver.execute(RemoteWebDriver.java:599)
	at io.appium.java_client.AppiumDriver.execute(AppiumDriver.java:88)
	at org.openqa.selenium.remote.RemoteWebDriver.findElement(RemoteWebDriver.java:352)
	at org.openqa.selenium.remote.RemoteWebDriver.findElementById(RemoteWebDriver.java:393)
	at org.openqa.selenium.By$ById.findElement(By.java:214)
	at org.openqa.selenium.remote.RemoteWebDriver.findElement(RemoteWebDriver.java:344)
	at Pages.PlaylistDetailsPage.playlistShareClick(PlaylistDetailsPage.java:141)
	at Tests.GenricNavigationTests.test_TC_GenricNavigationGuestUserToLogout(GenricNavigationTests.java:781)
	at sun.reflect.NativeMethodAccessorImpl.invoke0(Native Method)
	at sun.reflect.NativeMethodAccessorImpl.invoke(Unknown Source)
	at sun.reflect.DelegatingMethodAccessorImpl.invoke(Unknown Source)
	at java.lang.reflect.Method.invoke(Unknown Source)
	at org.testng.internal.MethodInvocationHelper.invokeMethod(MethodInvocationHelper.java:84)
	at org.testng.internal.Invoker.invokeMethod(Invoker.java:714)
	at org.testng.internal.Invoker.invokeTestMethod(Invoker.java:901)
	at org.testng.internal.Invoker.invokeTestMethods(Invoker.java:1231)
	at org.testng.internal.TestMethodWorker.invokeTestMethods(TestMethodWorker.java:127)
	at org.testng.internal.TestMethodWorker.run(TestMethodWorker.java:111)
	at java.util.concurrent.ThreadPoolExecutor.runWorker(Unknown Source)
	at java.util.concurrent.ThreadPoolExecutor$Worker.run(Unknown Source)
	at java.lang.Thread.run(Unknown Source)
</pre></div></td>
<td>70</td>
<td>Tests.GenricNavigationTests@1a1d6a08</td></tr>
</table><p>
</body>
</html>