<?xml version="1.0" encoding="UTF-8"?>
<!-- Generated by org.testng.reporters.JUnitXMLReporter -->
<testsuite hostname="VDC01DLAP-0233" name="Moto_Galaxy_2nd" tests="1" failures="0" timestamp="22 Aug 2017 11:25:36 GMT" time="3.539" errors="0">
  <testcase name="@BeforeClass setUp" time="0.0" classname="Tests.GenricNavigationTests">
    <failure type="org.openqa.selenium.SessionNotCreatedException" message="Appium version &amp;apos;1.4.1&amp;apos; is not available for &amp;apos;NATIVE&amp;apos; apps on &amp;apos;ANDROID&amp;apos;
Build info: version: &amp;apos;unknown&amp;apos;, revision: &amp;apos;unknown&amp;apos;, time: &amp;apos;unknown&amp;apos;
System info: host: &amp;apos;a4bc80ad87d3&amp;apos;, ip: &amp;apos;172.17.0.5&amp;apos;, os.name: &amp;apos;Linux&amp;apos;, os.arch: &amp;apos;amd64&amp;apos;, os.version: &amp;apos;4.8.0-45-generic&amp;apos;, java.version: &amp;apos;1.8.0_131&amp;apos;
Driver info: driver.version: unknown
Command duration or timeout: 2.81 seconds
Build info: version: &amp;apos;2.43.1&amp;apos;, revision: &amp;apos;5163bce&amp;apos;, time: &amp;apos;2014-09-10 16:27:33&amp;apos;
System info: host: &amp;apos;VDC01DLAP-0233&amp;apos;, ip: &amp;apos;192.168.56.1&amp;apos;, os.name: &amp;apos;Windows 7&amp;apos;, os.arch: &amp;apos;amd64&amp;apos;, os.version: &amp;apos;6.1&amp;apos;, java.version: &amp;apos;1.8.0_45&amp;apos;
Driver info: io.appium.java_client.AppiumDriver">
      <![CDATA[org.openqa.selenium.SessionNotCreatedException: Appium version '1.4.1' is not available for 'NATIVE' apps on 'ANDROID'
Build info: version: 'unknown', revision: 'unknown', time: 'unknown'
System info: host: 'a4bc80ad87d3', ip: '172.17.0.5', os.name: 'Linux', os.arch: 'amd64', os.version: '4.8.0-45-generic', java.version: '1.8.0_131'
Driver info: driver.version: unknown
Command duration or timeout: 2.81 seconds
Build info: version: '2.43.1', revision: '5163bce', time: '2014-09-10 16:27:33'
System info: host: 'VDC01DLAP-0233', ip: '192.168.56.1', os.name: 'Windows 7', os.arch: 'amd64', os.version: '6.1', java.version: '1.8.0_45'
Driver info: io.appium.java_client.AppiumDriver
	at sun.reflect.NativeConstructorAccessorImpl.newInstance0(Native Method)
	at sun.reflect.NativeConstructorAccessorImpl.newInstance(Unknown Source)
	at sun.reflect.DelegatingConstructorAccessorImpl.newInstance(Unknown Source)
	at java.lang.reflect.Constructor.newInstance(Unknown Source)
	at org.openqa.selenium.remote.ErrorHandler.createThrowable(ErrorHandler.java:204)
	at org.openqa.selenium.remote.ErrorHandler.throwIfResponseFailed(ErrorHandler.java:156)
	at org.openqa.selenium.remote.RemoteWebDriver.execute(RemoteWebDriver.java:599)
	at io.appium.java_client.AppiumDriver.execute(AppiumDriver.java:88)
	at org.openqa.selenium.remote.RemoteWebDriver.startSession(RemoteWebDriver.java:240)
	at org.openqa.selenium.remote.RemoteWebDriver.<init>(RemoteWebDriver.java:126)
	at org.openqa.selenium.remote.RemoteWebDriver.<init>(RemoteWebDriver.java:153)
	at io.appium.java_client.AppiumDriver.<init>(AppiumDriver.java:44)
	at Tests.BaseTest.setUp(BaseTest.java:115)
	at sun.reflect.NativeMethodAccessorImpl.invoke0(Native Method)
	at sun.reflect.NativeMethodAccessorImpl.invoke(Unknown Source)
	at sun.reflect.DelegatingMethodAccessorImpl.invoke(Unknown Source)
	at java.lang.reflect.Method.invoke(Unknown Source)
	at org.testng.internal.MethodInvocationHelper.invokeMethod(MethodInvocationHelper.java:84)
	at org.testng.internal.Invoker.invokeConfigurationMethod(Invoker.java:564)
	at org.testng.internal.Invoker.invokeConfigurations(Invoker.java:213)
	at org.testng.internal.Invoker.invokeConfigurations(Invoker.java:138)
	at org.testng.internal.TestMethodWorker.invokeBeforeClassMethods(TestMethodWorker.java:175)
	at org.testng.internal.TestMethodWorker.run(TestMethodWorker.java:107)
	at java.util.concurrent.ThreadPoolExecutor.runWorker(Unknown Source)
	at java.util.concurrent.ThreadPoolExecutor$Worker.run(Unknown Source)
	at java.lang.Thread.run(Unknown Source)
Caused by: org.openqa.selenium.SessionNotCreatedException: Appium version '1.4.1' is not available for 'NATIVE' apps on 'ANDROID'
Build info: version: 'unknown', revision: 'unknown', time: 'unknown'
System info: host: 'a4bc80ad87d3', ip: '172.17.0.5', os.name: 'Linux', os.arch: 'amd64', os.version: '4.8.0-45-generic', java.version: '1.8.0_131'
Driver info: driver.version: unknown
Build info: version: '2.43.1', revision: '5163bce', time: '2014-09-10 16:27:33'
System info: host: 'VDC01DLAP-0233', ip: '192.168.56.1', os.name: 'Windows 7', os.arch: 'amd64', os.version: '6.1', java.version: '1.8.0_45'
Driver info: driver.version: unknown
]]>
    </failure>
  </testcase> <!-- @BeforeClass setUp -->
  <testcase name="test_TC_GenricNavigationGuestUserToLogout" time="0.003" classname="Tests.GenricNavigationTests">
    <skipped/>
  </testcase> <!-- test_TC_GenricNavigationGuestUserToLogout -->
</testsuite> <!-- Moto_Galaxy_2nd -->
