<?xml version="1.0" encoding="UTF-8"?>
<!-- Generated by org.testng.reporters.JUnitXMLReporter -->
<testsuite hostname="VDC01DLAP-0233" name="Sony_Xperia_Z" tests="1" failures="1" timestamp="2 Aug 2017 09:25:15 GMT" time="132.802" errors="0">
  <testcase name="test_TC_GenricNavigationGuestUserToLogout" time="72.925" classname="Tests.GenricNavigationTests">
    <failure type="org.openqa.selenium.NoSuchElementException" message="An element could not be located on the page using the given search parameters. (WARNING: The server did not provide any stacktrace information)
Command duration or timeout: 40.49 seconds
For documentation on this error, please visit: http://seleniumhq.org/exceptions/no_such_element.html
Build info: version: &amp;apos;2.43.1&amp;apos;, revision: &amp;apos;5163bce&amp;apos;, time: &amp;apos;2014-09-10 16:27:33&amp;apos;
System info: host: &amp;apos;VDC01DLAP-0233&amp;apos;, ip: &amp;apos;192.168.56.1&amp;apos;, os.name: &amp;apos;Windows 7&amp;apos;, os.arch: &amp;apos;amd64&amp;apos;, os.version: &amp;apos;6.1&amp;apos;, java.version: &amp;apos;1.8.0_45&amp;apos;
Driver info: io.appium.java_client.AppiumDriver
Capabilities [{appPackage=com.comcast.watchablephone, testobject_user_id=comcastqa, testobject_app_id=1, testobject_test_report_url=https://app.testobject.com/#/comcastqa/testobject-watchable-19-27-build/appium/executions/89, testobject_suite_name=Default Appium Suite, testobject_device_session_id=a488afd8-90cf-4e2a-b841-03025ba21ca4, deviceName=BX903JMC8L, platform=LINUX, testobject_test_report_id=89, desired={appPackage=com.comcast.watchablephone, appActivity=com.comcast.watchablephone.activity.Splash, testobject_app_id=1, testobject_test_name=Sony_Xperia_Z_real, testobject_appium_version=1.4.1, testobject_device=Sony_Xperia_Z_real, testobject_suite_name=Default Appium Suite, testobject_api_key=79AF64EBE53B4C8BB93F11E3FE25003B, platformName=Android, deviceName=Sony_Xperia_Z_real}, testobject_appium_version=1.4.1, platformVersion=5.1.1, webStorageEnabled=false, browserName=Android, takesScreenshot=true, javascriptEnabled=true, platformName=Android, networkConnectionEnabled=true, testobject_test_name=Sony_Xperia_Z_real, warnings={}, testobject_device=Sony_Xperia_Z_real, databaseEnabled=false, testobject_project_id=testobject-watchable-19-27-build, appActivity=com.comcast.watchablephone.activity.Splash, locationContextEnabled=false, testobject_api_key=79AF64EBE53B4C8BB93F11E3FE25003B, testobject_test_live_view_url=https://app.testobject.com/#/comcastqa/testobject-watchable-19-27-build/appium/view/89?dc=EU}]
Session ID: c1a0822e-136e-4a28-9443-e5ffa1e614e9">
      <![CDATA[org.openqa.selenium.NoSuchElementException: An element could not be located on the page using the given search parameters. (WARNING: The server did not provide any stacktrace information)
Command duration or timeout: 40.49 seconds
For documentation on this error, please visit: http://seleniumhq.org/exceptions/no_such_element.html
Build info: version: '2.43.1', revision: '5163bce', time: '2014-09-10 16:27:33'
System info: host: 'VDC01DLAP-0233', ip: '192.168.56.1', os.name: 'Windows 7', os.arch: 'amd64', os.version: '6.1', java.version: '1.8.0_45'
Driver info: io.appium.java_client.AppiumDriver
Capabilities [{appPackage=com.comcast.watchablephone, testobject_user_id=comcastqa, testobject_app_id=1, testobject_test_report_url=https://app.testobject.com/#/comcastqa/testobject-watchable-19-27-build/appium/executions/89, testobject_suite_name=Default Appium Suite, testobject_device_session_id=a488afd8-90cf-4e2a-b841-03025ba21ca4, deviceName=BX903JMC8L, platform=LINUX, testobject_test_report_id=89, desired={appPackage=com.comcast.watchablephone, appActivity=com.comcast.watchablephone.activity.Splash, testobject_app_id=1, testobject_test_name=Sony_Xperia_Z_real, testobject_appium_version=1.4.1, testobject_device=Sony_Xperia_Z_real, testobject_suite_name=Default Appium Suite, testobject_api_key=79AF64EBE53B4C8BB93F11E3FE25003B, platformName=Android, deviceName=Sony_Xperia_Z_real}, testobject_appium_version=1.4.1, platformVersion=5.1.1, webStorageEnabled=false, browserName=Android, takesScreenshot=true, javascriptEnabled=true, platformName=Android, networkConnectionEnabled=true, testobject_test_name=Sony_Xperia_Z_real, warnings={}, testobject_device=Sony_Xperia_Z_real, databaseEnabled=false, testobject_project_id=testobject-watchable-19-27-build, appActivity=com.comcast.watchablephone.activity.Splash, locationContextEnabled=false, testobject_api_key=79AF64EBE53B4C8BB93F11E3FE25003B, testobject_test_live_view_url=https://app.testobject.com/#/comcastqa/testobject-watchable-19-27-build/appium/view/89?dc=EU}]
Session ID: c1a0822e-136e-4a28-9443-e5ffa1e614e9
	at sun.reflect.NativeConstructorAccessorImpl.newInstance0(Native Method)
	at sun.reflect.NativeConstructorAccessorImpl.newInstance(Unknown Source)
	at sun.reflect.DelegatingConstructorAccessorImpl.newInstance(Unknown Source)
	at java.lang.reflect.Constructor.newInstance(Unknown Source)
	at org.openqa.selenium.remote.ErrorHandler.createThrowable(ErrorHandler.java:204)
	at org.openqa.selenium.remote.ErrorHandler.throwIfResponseFailed(ErrorHandler.java:156)
	at org.openqa.selenium.remote.RemoteWebDriver.execute(RemoteWebDriver.java:599)
	at io.appium.java_client.AppiumDriver.execute(AppiumDriver.java:88)
	at org.openqa.selenium.remote.RemoteWebDriver.findElement(RemoteWebDriver.java:352)
	at org.openqa.selenium.remote.RemoteWebDriver.findElementById(RemoteWebDriver.java:393)
	at org.openqa.selenium.By$ById.findElement(By.java:214)
	at org.openqa.selenium.remote.RemoteWebDriver.findElement(RemoteWebDriver.java:344)
	at Pages.PlaylistDetailsPage.playlistShareClick(PlaylistDetailsPage.java:141)
	at Tests.GenricNavigationTests.test_TC_GenricNavigationGuestUserToLogout(GenricNavigationTests.java:781)
	at sun.reflect.NativeMethodAccessorImpl.invoke0(Native Method)
	at sun.reflect.NativeMethodAccessorImpl.invoke(Unknown Source)
	at sun.reflect.DelegatingMethodAccessorImpl.invoke(Unknown Source)
	at java.lang.reflect.Method.invoke(Unknown Source)
	at org.testng.internal.MethodInvocationHelper.invokeMethod(MethodInvocationHelper.java:84)
	at org.testng.internal.Invoker.invokeMethod(Invoker.java:714)
	at org.testng.internal.Invoker.invokeTestMethod(Invoker.java:901)
	at org.testng.internal.Invoker.invokeTestMethods(Invoker.java:1231)
	at org.testng.internal.TestMethodWorker.invokeTestMethods(TestMethodWorker.java:127)
	at org.testng.internal.TestMethodWorker.run(TestMethodWorker.java:111)
	at java.util.concurrent.ThreadPoolExecutor.runWorker(Unknown Source)
	at java.util.concurrent.ThreadPoolExecutor$Worker.run(Unknown Source)
	at java.lang.Thread.run(Unknown Source)
]]>
    </failure>
  </testcase> <!-- test_TC_GenricNavigationGuestUserToLogout -->
</testsuite> <!-- Sony_Xperia_Z -->
