<?xml version="1.0" encoding="UTF-8"?>
<!-- Generated by org.testng.reporters.JUnitXMLReporter -->
<testsuite hostname="VDC01DLAP-0233" name="Default test" tests="14" failures="0" timestamp="2 Aug 2017 10:01:41 GMT" time="0.103" errors="0">
  <testcase name="@BeforeClass setUp" time="0.0" classname="Tests.LoginTests">
    <failure type="org.testng.TestNGException" message="
Method setUp requires 2 parameters but 0 were supplied in the @Configuration annotation.">
      <![CDATA[org.testng.TestNGException: 
Method setUp requires 2 parameters but 0 were supplied in the @Configuration annotation.
	at org.testng.internal.Parameters.checkParameterTypes(Parameters.java:198)
	at org.testng.internal.Parameters.createParameters(Parameters.java:134)
	at org.testng.internal.Parameters.createParameters(Parameters.java:373)
	at org.testng.internal.Parameters.createConfigurationParameters(Parameters.java:86)
	at org.testng.internal.Invoker.invokeConfigurations(Invoker.java:199)
	at org.testng.internal.Invoker.invokeConfigurations(Invoker.java:138)
	at org.testng.internal.TestMethodWorker.invokeBeforeClassMethods(TestMethodWorker.java:175)
	at org.testng.internal.TestMethodWorker.run(TestMethodWorker.java:107)
	at org.testng.TestRunner.privateRun(TestRunner.java:767)
	at org.testng.TestRunner.run(TestRunner.java:617)
	at org.testng.SuiteRunner.runTest(SuiteRunner.java:334)
	at org.testng.SuiteRunner.runSequentially(SuiteRunner.java:329)
	at org.testng.SuiteRunner.privateRun(SuiteRunner.java:291)
	at org.testng.SuiteRunner.run(SuiteRunner.java:240)
	at org.testng.SuiteRunnerWorker.runSuite(SuiteRunnerWorker.java:52)
	at org.testng.SuiteRunnerWorker.run(SuiteRunnerWorker.java:86)
	at org.testng.TestNG.runSuitesSequentially(TestNG.java:1224)
	at org.testng.TestNG.runSuitesLocally(TestNG.java:1149)
	at org.testng.TestNG.run(TestNG.java:1057)
	at org.testng.remote.AbstractRemoteTestNG.run(AbstractRemoteTestNG.java:126)
	at org.testng.remote.RemoteTestNG.initAndRun(RemoteTestNG.java:137)
	at org.testng.remote.RemoteTestNG.main(RemoteTestNG.java:58)
]]>
    </failure>
  </testcase> <!-- @BeforeClass setUp -->
  <testcase name="test_TC_VerifyLoginScreen" time="0.009" classname="Tests.LoginTests">
    <skipped/>
  </testcase> <!-- test_TC_VerifyLoginScreen -->
  <testcase name="test_TC_VerifyLoginWithValidUsernamePassword" time="0.001" classname="Tests.LoginTests">
    <skipped/>
  </testcase> <!-- test_TC_VerifyLoginWithValidUsernamePassword -->
  <testcase name="test_TC_VerifyLoginWithValidEmailPassword" time="0.002" classname="Tests.LoginTests">
    <skipped/>
  </testcase> <!-- test_TC_VerifyLoginWithValidEmailPassword -->
  <testcase name="test_TC_VerifyLoginWithInvalidCredentials" time="0.001" classname="Tests.LoginTests">
    <skipped/>
  </testcase> <!-- test_TC_VerifyLoginWithInvalidCredentials -->
  <testcase name="test_TC_VerifyLoginWithInvalidCredentials" time="0.002" classname="Tests.LoginTests">
    <skipped/>
  </testcase> <!-- test_TC_VerifyLoginWithInvalidCredentials -->
  <testcase name="test_TC_VerifyLoginWithInvalidCredentials" time="0.002" classname="Tests.LoginTests">
    <skipped/>
  </testcase> <!-- test_TC_VerifyLoginWithInvalidCredentials -->
  <testcase name="test_TC_VerifyLoginWithBlankCredentials" time="0.002" classname="Tests.LoginTests">
    <skipped/>
  </testcase> <!-- test_TC_VerifyLoginWithBlankCredentials -->
  <testcase name="test_TC_VerifyForgotPasswordScreenDetails" time="0.002" classname="Tests.LoginTests">
    <skipped/>
  </testcase> <!-- test_TC_VerifyForgotPasswordScreenDetails -->
  <testcase name="test_TC_VerifyForgotPasswordScreenWithValidUsernameEmail" time="0.002" classname="Tests.LoginTests">
    <skipped/>
  </testcase> <!-- test_TC_VerifyForgotPasswordScreenWithValidUsernameEmail -->
  <testcase name="test_TC_VerifyForgotPasswordScreenWithInvalidUsernameEmail" time="0.002" classname="Tests.LoginTests">
    <skipped/>
  </testcase> <!-- test_TC_VerifyForgotPasswordScreenWithInvalidUsernameEmail -->
  <testcase name="test_TC_VerifyForgotPasswordNavigateToLogin" time="0.001" classname="Tests.LoginTests">
    <skipped/>
  </testcase> <!-- test_TC_VerifyForgotPasswordNavigateToLogin -->
  <testcase name="test_TC_VerifyNavigateToHomeScreen" time="0.001" classname="Tests.LoginTests">
    <skipped/>
  </testcase> <!-- test_TC_VerifyNavigateToHomeScreen -->
  <testcase name="test_TC_VerifyForgotPasswordScreenClearErrorMsg" time="0.001" classname="Tests.LoginTests">
    <skipped/>
  </testcase> <!-- test_TC_VerifyForgotPasswordScreenClearErrorMsg -->
  <testcase name="test_TC_VerifyTapBackWhenErrorOccured" time="0.002" classname="Tests.LoginTests">
    <skipped/>
  </testcase> <!-- test_TC_VerifyTapBackWhenErrorOccured -->
</testsuite> <!-- Default test -->
